{"uuid":"d094267b-0c29-4bc0-91e6-4485c3a1789b","name":"Default test","children":["7f95ad55-97d4-471c-aab8-3067d5d71bb6","b9f72076-6a9b-4551-966e-10d042275ae2"],"befores":[{"name":"beforeTest","status":"passed","stage":"finished","description":"","steps":[],"attachments":[],"parameters":[],"start":1657860436628,"stop":1657860489501}],"afters":[{"name":"afterTest","status":"broken","statusDetails":{"known":false,"muted":false,"flaky":false,"message":"Timed out waiting for driver server to stop.\nBuild info: version: '4.3.0', revision: 'a4995e2c09*'\nSystem info: host: 'DESKTOP-GOMLB3N', ip: '192.168.43.231', os.name: 'Windows 10', os.arch: 'amd64', os.version: '10.0', java.version: '1.8.0_333'\nDriver info: org.openqa.selenium.chrome.ChromeDriver\nCommand: [2d2dfb994e74d51ef63dd8f0cd35a976, quit {}]\nCapabilities {acceptInsecureCerts: false, browserName: chrome, browserVersion: 103.0.5060.114, chrome: {chromedriverVersion: 103.0.5060.53 (a1711811edd7..., userDataDir: C:\\Users\\Owner\\AppData\\Loca...}, goog:chromeOptions: {debuggerAddress: localhost:63022}, networkConnectionEnabled: false, pageLoadStrategy: normal, platformName: WINDOWS, proxy: Proxy(), se:cdp: ws://localhost:63022/devtoo..., se:cdpVersion: 103.0.5060.114, setWindowRect: true, strictFileInteractability: false, timeouts: {implicit: 0, pageLoad: 300000, script: 30000}, unhandledPromptBehavior: dismiss and notify, webauthn:extension:credBlob: true, webauthn:extension:largeBlob: true, webauthn:virtualAuthenticators: true}\nSession ID: 2d2dfb994e74d51ef63dd8f0cd35a976","trace":"org.openqa.selenium.WebDriverException: Timed out waiting for driver server to stop.\nBuild info: version: '4.3.0', revision: 'a4995e2c09*'\nSystem info: host: 'DESKTOP-GOMLB3N', ip: '192.168.43.231', os.name: 'Windows 10', os.arch: 'amd64', os.version: '10.0', java.version: '1.8.0_333'\nDriver info: org.openqa.selenium.chrome.ChromeDriver\nCommand: [2d2dfb994e74d51ef63dd8f0cd35a976, quit {}]\nCapabilities {acceptInsecureCerts: false, browserName: chrome, browserVersion: 103.0.5060.114, chrome: {chromedriverVersion: 103.0.5060.53 (a1711811edd7..., userDataDir: C:\\Users\\Owner\\AppData\\Loca...}, goog:chromeOptions: {debuggerAddress: localhost:63022}, networkConnectionEnabled: false, pageLoadStrategy: normal, platformName: WINDOWS, proxy: Proxy(), se:cdp: ws://localhost:63022/devtoo..., se:cdpVersion: 103.0.5060.114, setWindowRect: true, strictFileInteractability: false, timeouts: {implicit: 0, pageLoad: 300000, script: 30000}, unhandledPromptBehavior: dismiss and notify, webauthn:extension:credBlob: true, webauthn:extension:largeBlob: true, webauthn:virtualAuthenticators: true}\nSession ID: 2d2dfb994e74d51ef63dd8f0cd35a976\r\n\tat org.openqa.selenium.remote.service.DriverCommandExecutor.execute(DriverCommandExecutor.java:132)\r\n\tat org.openqa.selenium.remote.RemoteWebDriver.execute(RemoteWebDriver.java:569)\r\n\tat org.openqa.selenium.remote.RemoteWebDriver.execute(RemoteWebDriver.java:624)\r\n\tat org.openqa.selenium.remote.RemoteWebDriver.execute(RemoteWebDriver.java:628)\r\n\tat org.openqa.selenium.remote.RemoteWebDriver.quit(RemoteWebDriver.java:465)\r\n\tat org.openqa.selenium.chromium.ChromiumDriver.quit(ChromiumDriver.java:280)\r\n\tat helper.BaseClass.afterTest(BaseClass.java:23)\r\n\tat sun.reflect.NativeMethodAccessorImpl.invoke0(Native Method)\r\n\tat sun.reflect.NativeMethodAccessorImpl.invoke(Unknown Source)\r\n\tat sun.reflect.DelegatingMethodAccessorImpl.invoke(Unknown Source)\r\n\tat java.lang.reflect.Method.invoke(Unknown Source)\r\n\tat org.testng.internal.MethodInvocationHelper.invokeMethod(MethodInvocationHelper.java:133)\r\n\tat org.testng.internal.MethodInvocationHelper.invokeMethodConsideringTimeout(MethodInvocationHelper.java:62)\r\n\tat org.testng.internal.ConfigInvoker.invokeConfigurationMethod(ConfigInvoker.java:385)\r\n\tat org.testng.internal.ConfigInvoker.invokeConfigurations(ConfigInvoker.java:321)\r\n\tat org.testng.TestRunner.invokeTestConfigurations(TestRunner.java:637)\r\n\tat org.testng.TestRunner.afterRun(TestRunner.java:877)\r\n\tat org.testng.TestRunner.run(TestRunner.java:599)\r\n\tat org.testng.SuiteRunner.runTest(SuiteRunner.java:377)\r\n\tat org.testng.SuiteRunner.runSequentially(SuiteRunner.java:371)\r\n\tat org.testng.SuiteRunner.privateRun(SuiteRunner.java:332)\r\n\tat org.testng.SuiteRunner.run(SuiteRunner.java:276)\r\n\tat org.testng.SuiteRunnerWorker.runSuite(SuiteRunnerWorker.java:53)\r\n\tat org.testng.SuiteRunnerWorker.run(SuiteRunnerWorker.java:96)\r\n\tat org.testng.TestNG.runSuitesSequentially(TestNG.java:1212)\r\n\tat org.testng.TestNG.runSuitesLocally(TestNG.java:1134)\r\n\tat org.testng.TestNG.runSuites(TestNG.java:1063)\r\n\tat org.testng.TestNG.run(TestNG.java:1031)\r\n\tat org.testng.remote.AbstractRemoteTestNG.run(AbstractRemoteTestNG.java:115)\r\n\tat org.testng.remote.RemoteTestNG.initAndRun(RemoteTestNG.java:251)\r\n\tat org.testng.remote.RemoteTestNG.main(RemoteTestNG.java:77)\r\nCaused by: java.util.concurrent.ExecutionException: org.openqa.selenium.TimeoutException: Process timed out after waiting for 20000 ms.\nBuild info: version: '4.3.0', revision: 'a4995e2c09*'\nSystem info: host: 'DESKTOP-GOMLB3N', ip: '192.168.43.231', os.name: 'Windows 10', os.arch: 'amd64', os.version: '10.0', java.version: '1.8.0_333'\nDriver info: driver.version: unknown\r\n\tat java.util.concurrent.CompletableFuture.reportGet(Unknown Source)\r\n\tat java.util.concurrent.CompletableFuture.get(Unknown Source)\r\n\tat org.openqa.selenium.remote.service.DriverCommandExecutor.execute(DriverCommandExecutor.java:128)\r\n\t... 30 more\r\nCaused by: org.openqa.selenium.TimeoutException: Process timed out after waiting for 20000 ms.\nBuild info: version: '4.3.0', revision: 'a4995e2c09*'\nSystem info: host: 'DESKTOP-GOMLB3N', ip: '192.168.43.231', os.name: 'Windows 10', os.arch: 'amd64', os.version: '10.0', java.version: '1.8.0_333'\nDriver info: driver.version: unknown\r\n\tat org.openqa.selenium.os.OsProcess.waitFor(OsProcess.java:174)\r\n\tat org.openqa.selenium.os.CommandLine.waitFor(CommandLine.java:114)\r\n\tat org.openqa.selenium.remote.service.DriverCommandExecutor.lambda$execute$2(DriverCommandExecutor.java:122)\r\n\tat java.util.concurrent.CompletableFuture$AsyncSupply.run(Unknown Source)\r\n\tat java.util.concurrent.ThreadPoolExecutor.runWorker(Unknown Source)\r\n\tat java.util.concurrent.ThreadPoolExecutor$Worker.run(Unknown Source)\r\n\tat java.lang.Thread.run(Unknown Source)\r\n"},"stage":"finished","description":"","steps":[],"attachments":[],"parameters":[],"start":1657860513462,"stop":1657860539017}],"start":1657860436516,"stop":1657860539832}